{"C:\\Users\\אחווה סקורי\\.vscode\\BS-PMC-2023-Team30\\backend\\app.js": {"path":"C:\\Users\\אחווה סקורי\\.vscode\\BS-PMC-2023-Team30\\backend\\app.js","statementMap":{"0":{"start":{"line":19,"column":12},"end":{"line":19,"column":21}},"1":{"start":{"line":21,"column":20},"end":{"line":25,"column":1}},"2":{"start":{"line":27,"column":0},"end":{"line":27,"column":42}},"3":{"start":{"line":29,"column":0},"end":{"line":29,"column":27}},"4":{"start":{"line":30,"column":0},"end":{"line":30,"column":49}},"5":{"start":{"line":31,"column":0},"end":{"line":31,"column":24}},"6":{"start":{"line":32,"column":0},"end":{"line":32,"column":24}},"7":{"start":{"line":34,"column":0},"end":{"line":34,"column":33}},"8":{"start":{"line":35,"column":0},"end":{"line":35,"column":37}},"9":{"start":{"line":36,"column":0},"end":{"line":36,"column":35}},"10":{"start":{"line":37,"column":0},"end":{"line":37,"column":33}},"11":{"start":{"line":38,"column":0},"end":{"line":38,"column":32}},"12":{"start":{"line":39,"column":0},"end":{"line":39,"column":19}},"13":{"start":{"line":40,"column":0},"end":{"line":40,"column":38}},"14":{"start":{"line":41,"column":0},"end":{"line":41,"column":36}},"15":{"start":{"line":42,"column":0},"end":{"line":42,"column":36}},"16":{"start":{"line":43,"column":0},"end":{"line":43,"column":37}},"17":{"start":{"line":44,"column":0},"end":{"line":44,"column":31}},"18":{"start":{"line":45,"column":0},"end":{"line":45,"column":35}},"19":{"start":{"line":46,"column":0},"end":{"line":46,"column":35}},"20":{"start":{"line":47,"column":0},"end":{"line":47,"column":29}},"21":{"start":{"line":48,"column":0},"end":{"line":48,"column":35}},"22":{"start":{"line":49,"column":0},"end":{"line":49,"column":35}},"23":{"start":{"line":50,"column":0},"end":{"line":50,"column":46}}},"fnMap":{},"branchMap":{},"s":{"0":11,"1":11,"2":11,"3":11,"4":11,"5":11,"6":11,"7":11,"8":11,"9":11,"10":11,"11":11,"12":11,"13":11,"14":11,"15":11,"16":11,"17":11,"18":11,"19":11,"20":11,"21":11,"22":11,"23":11},"f":{},"b":{},"_coverageSchema":"1a1c01bbd47fc00a2c39e90264f33305004495a9","hash":"f8e3e4993f0c98266e61b96b28bfc111baa8acf8"}
,"C:\\Users\\אחווה סקורי\\.vscode\\BS-PMC-2023-Team30\\backend\\config\\roles_list.js": {"path":"C:\\Users\\אחווה סקורי\\.vscode\\BS-PMC-2023-Team30\\backend\\config\\roles_list.js","statementMap":{"0":{"start":{"line":1,"column":19},"end":{"line":5,"column":1}}},"fnMap":{},"branchMap":{},"s":{"0":11},"f":{},"b":{},"_coverageSchema":"1a1c01bbd47fc00a2c39e90264f33305004495a9","hash":"db354e45f3a8a489bdda8607c8699084c017e9e3"}
,"C:\\Users\\אחווה סקורי\\.vscode\\BS-PMC-2023-Team30\\backend\\controllers\\OrderController.js": {"path":"C:\\Users\\אחווה סקורי\\.vscode\\BS-PMC-2023-Team30\\backend\\controllers\\OrderController.js","statementMap":{"0":{"start":{"line":5,"column":20},"end":{"line":44,"column":1}},"1":{"start":{"line":6,"column":61},"end":{"line":6,"column":69}},"2":{"start":{"line":7,"column":17},"end":{"line":7,"column":25}},"3":{"start":{"line":9,"column":2},"end":{"line":11,"column":3}},"4":{"start":{"line":10,"column":4},"end":{"line":10,"column":68}},"5":{"start":{"line":13,"column":2},"end":{"line":43,"column":3}},"6":{"start":{"line":14,"column":19},"end":{"line":21,"column":13}},"7":{"start":{"line":23,"column":4},"end":{"line":27,"column":5}},"8":{"start":{"line":24,"column":6},"end":{"line":26,"column":70}},"9":{"start":{"line":29,"column":20},"end":{"line":29,"column":81}},"10":{"start":{"line":31,"column":19},"end":{"line":38,"column":6}},"11":{"start":{"line":40,"column":4},"end":{"line":40,"column":62}},"12":{"start":{"line":42,"column":4},"end":{"line":42,"column":51}},"13":{"start":{"line":46,"column":23},"end":{"line":54,"column":1}},"14":{"start":{"line":47,"column":2},"end":{"line":53,"column":3}},"15":{"start":{"line":48,"column":18},"end":{"line":48,"column":62}},"16":{"start":{"line":49,"column":23},"end":{"line":49,"column":71}},"17":{"start":{"line":49,"column":44},"end":{"line":49,"column":69}},"18":{"start":{"line":50,"column":4},"end":{"line":50,"column":37}},"19":{"start":{"line":52,"column":4},"end":{"line":52,"column":51}},"20":{"start":{"line":55,"column":20},"end":{"line":63,"column":1}},"21":{"start":{"line":56,"column":2},"end":{"line":62,"column":3}},"22":{"start":{"line":57,"column":18},"end":{"line":57,"column":69}},"23":{"start":{"line":58,"column":23},"end":{"line":58,"column":71}},"24":{"start":{"line":58,"column":44},"end":{"line":58,"column":69}},"25":{"start":{"line":59,"column":4},"end":{"line":59,"column":37}},"26":{"start":{"line":61,"column":4},"end":{"line":61,"column":51}}},"fnMap":{"0":{"name":"(anonymous_0)","decl":{"start":{"line":5,"column":20},"end":{"line":5,"column":21}},"loc":{"start":{"line":5,"column":40},"end":{"line":44,"column":1}},"line":5},"1":{"name":"(anonymous_1)","decl":{"start":{"line":46,"column":23},"end":{"line":46,"column":24}},"loc":{"start":{"line":46,"column":43},"end":{"line":54,"column":1}},"line":46},"2":{"name":"(anonymous_2)","decl":{"start":{"line":49,"column":33},"end":{"line":49,"column":34}},"loc":{"start":{"line":49,"column":44},"end":{"line":49,"column":69}},"line":49},"3":{"name":"(anonymous_3)","decl":{"start":{"line":55,"column":20},"end":{"line":55,"column":21}},"loc":{"start":{"line":55,"column":40},"end":{"line":63,"column":1}},"line":55},"4":{"name":"(anonymous_4)","decl":{"start":{"line":58,"column":33},"end":{"line":58,"column":34}},"loc":{"start":{"line":58,"column":44},"end":{"line":58,"column":69}},"line":58}},"branchMap":{"0":{"loc":{"start":{"line":9,"column":2},"end":{"line":11,"column":3}},"type":"if","locations":[{"start":{"line":9,"column":2},"end":{"line":11,"column":3}},{"start":{},"end":{}}],"line":9},"1":{"loc":{"start":{"line":9,"column":6},"end":{"line":9,"column":56}},"type":"binary-expr","locations":[{"start":{"line":9,"column":6},"end":{"line":9,"column":13}},{"start":{"line":9,"column":17},"end":{"line":9,"column":27}},{"start":{"line":9,"column":31},"end":{"line":9,"column":39}},{"start":{"line":9,"column":43},"end":{"line":9,"column":56}}],"line":9},"2":{"loc":{"start":{"line":23,"column":4},"end":{"line":27,"column":5}},"type":"if","locations":[{"start":{"line":23,"column":4},"end":{"line":27,"column":5}},{"start":{},"end":{}}],"line":23}},"s":{"0":11,"1":2,"2":2,"3":2,"4":1,"5":1,"6":1,"7":1,"8":1,"9":0,"10":0,"11":0,"12":0,"13":11,"14":1,"15":1,"16":1,"17":7,"18":1,"19":0,"20":11,"21":1,"22":1,"23":1,"24":8,"25":1,"26":0},"f":{"0":2,"1":1,"2":7,"3":1,"4":8},"b":{"0":[1,1],"1":[2,2,2,2],"2":[1,0]},"_coverageSchema":"1a1c01bbd47fc00a2c39e90264f33305004495a9","hash":"bb919ab072dcda3cc553fbc577365a419d07f346"}
,"C:\\Users\\אחווה סקורי\\.vscode\\BS-PMC-2023-Team30\\backend\\controllers\\ProfileController.js": {"path":"C:\\Users\\אחווה סקורי\\.vscode\\BS-PMC-2023-Team30\\backend\\controllers\\ProfileController.js","statementMap":{"0":{"start":{"line":4,"column":22},"end":{"line":24,"column":1}},"1":{"start":{"line":5,"column":17},"end":{"line":5,"column":25}},"2":{"start":{"line":7,"column":2},"end":{"line":23,"column":3}},"3":{"start":{"line":8,"column":19},"end":{"line":10,"column":13}},"4":{"start":{"line":12,"column":18},"end":{"line":14,"column":13}},"5":{"start":{"line":16,"column":4},"end":{"line":18,"column":5}},"6":{"start":{"line":17,"column":6},"end":{"line":17,"column":80}},"7":{"start":{"line":20,"column":4},"end":{"line":20,"column":44}},"8":{"start":{"line":22,"column":4},"end":{"line":22,"column":51}},"9":{"start":{"line":26,"column":18},"end":{"line":47,"column":1}},"10":{"start":{"line":27,"column":2},"end":{"line":46,"column":3}},"11":{"start":{"line":28,"column":19},"end":{"line":30,"column":13}},"12":{"start":{"line":32,"column":18},"end":{"line":35,"column":13}},"13":{"start":{"line":37,"column":4},"end":{"line":41,"column":5}},"14":{"start":{"line":38,"column":6},"end":{"line":40,"column":61}},"15":{"start":{"line":43,"column":4},"end":{"line":43,"column":44}},"16":{"start":{"line":45,"column":4},"end":{"line":45,"column":51}}},"fnMap":{"0":{"name":"(anonymous_0)","decl":{"start":{"line":4,"column":22},"end":{"line":4,"column":23}},"loc":{"start":{"line":4,"column":42},"end":{"line":24,"column":1}},"line":4},"1":{"name":"(anonymous_1)","decl":{"start":{"line":26,"column":18},"end":{"line":26,"column":19}},"loc":{"start":{"line":26,"column":38},"end":{"line":47,"column":1}},"line":26}},"branchMap":{"0":{"loc":{"start":{"line":16,"column":4},"end":{"line":18,"column":5}},"type":"if","locations":[{"start":{"line":16,"column":4},"end":{"line":18,"column":5}},{"start":{},"end":{}}],"line":16},"1":{"loc":{"start":{"line":16,"column":8},"end":{"line":16,"column":49}},"type":"binary-expr","locations":[{"start":{"line":16,"column":8},"end":{"line":16,"column":26}},{"start":{"line":16,"column":30},"end":{"line":16,"column":49}}],"line":16},"2":{"loc":{"start":{"line":37,"column":4},"end":{"line":41,"column":5}},"type":"if","locations":[{"start":{"line":37,"column":4},"end":{"line":41,"column":5}},{"start":{},"end":{}}],"line":37}},"s":{"0":11,"1":2,"2":2,"3":2,"4":2,"5":2,"6":0,"7":2,"8":0,"9":11,"10":1,"11":1,"12":1,"13":1,"14":0,"15":1,"16":0},"f":{"0":2,"1":1},"b":{"0":[0,2],"1":[2,1],"2":[0,1]},"_coverageSchema":"1a1c01bbd47fc00a2c39e90264f33305004495a9","hash":"dd452d32b245794ea47298d1fab2c08842989977"}
,"C:\\Users\\אחווה סקורי\\.vscode\\BS-PMC-2023-Team30\\backend\\controllers\\late.js": {"path":"C:\\Users\\אחווה סקורי\\.vscode\\BS-PMC-2023-Team30\\backend\\controllers\\late.js","statementMap":{"0":{"start":{"line":5,"column":17},"end":{"line":53,"column":1}},"1":{"start":{"line":6,"column":16},"end":{"line":9,"column":4}},"2":{"start":{"line":10,"column":21},"end":{"line":15,"column":11}},"3":{"start":{"line":16,"column":17},"end":{"line":18,"column":4}},"4":{"start":{"line":20,"column":2},"end":{"line":52,"column":3}},"5":{"start":{"line":21,"column":22},"end":{"line":21,"column":38}},"6":{"start":{"line":22,"column":23},"end":{"line":27,"column":5}},"7":{"start":{"line":29,"column":4},"end":{"line":33,"column":7}},"8":{"start":{"line":30,"column":6},"end":{"line":32,"column":7}},"9":{"start":{"line":31,"column":8},"end":{"line":31,"column":31}},"10":{"start":{"line":34,"column":4},"end":{"line":51,"column":5}},"11":{"start":{"line":35,"column":25},"end":{"line":35,"column":40}},"12":{"start":{"line":36,"column":26},"end":{"line":41,"column":7}},"13":{"start":{"line":43,"column":6},"end":{"line":47,"column":9}},"14":{"start":{"line":44,"column":8},"end":{"line":46,"column":9}},"15":{"start":{"line":45,"column":10},"end":{"line":45,"column":33}},"16":{"start":{"line":48,"column":6},"end":{"line":50,"column":73}}},"fnMap":{"0":{"name":"(anonymous_0)","decl":{"start":{"line":5,"column":17},"end":{"line":5,"column":18}},"loc":{"start":{"line":5,"column":37},"end":{"line":53,"column":1}},"line":5},"1":{"name":"(anonymous_1)","decl":{"start":{"line":29,"column":31},"end":{"line":29,"column":32}},"loc":{"start":{"line":29,"column":52},"end":{"line":33,"column":5}},"line":29},"2":{"name":"(anonymous_2)","decl":{"start":{"line":43,"column":34},"end":{"line":43,"column":35}},"loc":{"start":{"line":43,"column":55},"end":{"line":47,"column":7}},"line":43}},"branchMap":{"0":{"loc":{"start":{"line":30,"column":6},"end":{"line":32,"column":7}},"type":"if","locations":[{"start":{"line":30,"column":6},"end":{"line":32,"column":7}},{"start":{},"end":{}}],"line":30},"1":{"loc":{"start":{"line":44,"column":8},"end":{"line":46,"column":9}},"type":"if","locations":[{"start":{"line":44,"column":8},"end":{"line":46,"column":9}},{"start":{},"end":{}}],"line":44}},"s":{"0":11,"1":1,"2":1,"3":1,"4":1,"5":1,"6":1,"7":1,"8":0,"9":0,"10":1,"11":1,"12":1,"13":1,"14":0,"15":0,"16":1},"f":{"0":1,"1":0,"2":0},"b":{"0":[0,0],"1":[0,0]},"_coverageSchema":"1a1c01bbd47fc00a2c39e90264f33305004495a9","hash":"a12db2283ae8eebd261b56ddd7fa93a9dc4fecb0"}
,"C:\\Users\\אחווה סקורי\\.vscode\\BS-PMC-2023-Team30\\backend\\controllers\\logoutController.js": {"path":"C:\\Users\\אחווה סקורי\\.vscode\\BS-PMC-2023-Team30\\backend\\controllers\\logoutController.js","statementMap":{"0":{"start":{"line":4,"column":0},"end":{"line":4,"column":9}},"1":{"start":{"line":6,"column":15},"end":{"line":29,"column":1}},"2":{"start":{"line":9,"column":18},"end":{"line":9,"column":29}},"3":{"start":{"line":10,"column":2},"end":{"line":10,"column":48}},"4":{"start":{"line":10,"column":21},"end":{"line":10,"column":48}},"5":{"start":{"line":11,"column":23},"end":{"line":11,"column":34}},"6":{"start":{"line":14,"column":20},"end":{"line":14,"column":65}},"7":{"start":{"line":15,"column":2},"end":{"line":18,"column":3}},"8":{"start":{"line":16,"column":4},"end":{"line":16,"column":79}},"9":{"start":{"line":17,"column":4},"end":{"line":17,"column":31}},"10":{"start":{"line":21,"column":21},"end":{"line":25,"column":3}},"11":{"start":{"line":27,"column":2},"end":{"line":27,"column":77}},"12":{"start":{"line":28,"column":2},"end":{"line":28,"column":22}}},"fnMap":{"0":{"name":"(anonymous_0)","decl":{"start":{"line":6,"column":15},"end":{"line":6,"column":16}},"loc":{"start":{"line":6,"column":35},"end":{"line":29,"column":1}},"line":6}},"branchMap":{"0":{"loc":{"start":{"line":10,"column":2},"end":{"line":10,"column":48}},"type":"if","locations":[{"start":{"line":10,"column":2},"end":{"line":10,"column":48}},{"start":{},"end":{}}],"line":10},"1":{"loc":{"start":{"line":15,"column":2},"end":{"line":18,"column":3}},"type":"if","locations":[{"start":{"line":15,"column":2},"end":{"line":18,"column":3}},{"start":{},"end":{}}],"line":15}},"s":{"0":11,"1":11,"2":1,"3":1,"4":1,"5":0,"6":0,"7":0,"8":0,"9":0,"10":0,"11":0,"12":0},"f":{"0":1},"b":{"0":[1,0],"1":[0,0]},"_coverageSchema":"1a1c01bbd47fc00a2c39e90264f33305004495a9","hash":"c2b15b7921fa72a545ace16bfeaecf9ee1a14ba0"}
,"C:\\Users\\אחווה סקורי\\.vscode\\BS-PMC-2023-Team30\\backend\\controllers\\problemController.js": {"path":"C:\\Users\\אחווה סקורי\\.vscode\\BS-PMC-2023-Team30\\backend\\controllers\\problemController.js","statementMap":{"0":{"start":{"line":4,"column":19},"end":{"line":21,"column":5}},"1":{"start":{"line":5,"column":35},"end":{"line":5,"column":43}},"2":{"start":{"line":6,"column":19},"end":{"line":6,"column":27}},"3":{"start":{"line":8,"column":4},"end":{"line":10,"column":5}},"4":{"start":{"line":9,"column":6},"end":{"line":9,"column":76}},"5":{"start":{"line":11,"column":4},"end":{"line":20,"column":7}},"6":{"start":{"line":12,"column":23},"end":{"line":16,"column":10}},"7":{"start":{"line":17,"column":8},"end":{"line":17,"column":84}},"8":{"start":{"line":19,"column":8},"end":{"line":19,"column":55}}},"fnMap":{"0":{"name":"(anonymous_0)","decl":{"start":{"line":4,"column":19},"end":{"line":4,"column":20}},"loc":{"start":{"line":4,"column":39},"end":{"line":21,"column":5}},"line":4}},"branchMap":{"0":{"loc":{"start":{"line":8,"column":4},"end":{"line":10,"column":5}},"type":"if","locations":[{"start":{"line":8,"column":4},"end":{"line":10,"column":5}},{"start":{},"end":{}}],"line":8}},"s":{"0":11,"1":2,"2":2,"3":2,"4":0,"5":2,"6":2,"7":2,"8":0},"f":{"0":2},"b":{"0":[0,2]},"_coverageSchema":"1a1c01bbd47fc00a2c39e90264f33305004495a9","hash":"2077eeb99397f0116602e3706015f3e5b72d1cab"}
,"C:\\Users\\אחווה סקורי\\.vscode\\BS-PMC-2023-Team30\\backend\\controllers\\productController.js": {"path":"C:\\Users\\אחווה סקורי\\.vscode\\BS-PMC-2023-Team30\\backend\\controllers\\productController.js","statementMap":{"0":{"start":{"line":3,"column":19},"end":{"line":25,"column":1}},"1":{"start":{"line":4,"column":65},"end":{"line":4,"column":73}},"2":{"start":{"line":5,"column":2},"end":{"line":6,"column":61}},"3":{"start":{"line":6,"column":4},"end":{"line":6,"column":61}},"4":{"start":{"line":8,"column":2},"end":{"line":24,"column":3}},"5":{"start":{"line":9,"column":16},"end":{"line":9,"column":68}},"6":{"start":{"line":10,"column":4},"end":{"line":21,"column":69}},"7":{"start":{"line":11,"column":21},"end":{"line":19,"column":8}},"8":{"start":{"line":20,"column":6},"end":{"line":20,"column":66}},"9":{"start":{"line":21,"column":11},"end":{"line":21,"column":69}},"10":{"start":{"line":23,"column":4},"end":{"line":23,"column":51}},"11":{"start":{"line":26,"column":19},"end":{"line":44,"column":1}},"12":{"start":{"line":27,"column":18},"end":{"line":27,"column":29}},"13":{"start":{"line":29,"column":2},"end":{"line":43,"column":3}},"14":{"start":{"line":30,"column":4},"end":{"line":35,"column":5}},"15":{"start":{"line":31,"column":21},"end":{"line":31,"column":51}},"16":{"start":{"line":32,"column":6},"end":{"line":32,"column":23}},"17":{"start":{"line":34,"column":6},"end":{"line":34,"column":53}},"18":{"start":{"line":37,"column":4},"end":{"line":42,"column":5}},"19":{"start":{"line":38,"column":21},"end":{"line":38,"column":69}},"20":{"start":{"line":39,"column":6},"end":{"line":39,"column":23}},"21":{"start":{"line":41,"column":6},"end":{"line":41,"column":53}},"22":{"start":{"line":45,"column":25},"end":{"line":56,"column":1}},"23":{"start":{"line":46,"column":18},"end":{"line":46,"column":29}},"24":{"start":{"line":48,"column":2},"end":{"line":55,"column":3}},"25":{"start":{"line":49,"column":4},"end":{"line":54,"column":5}},"26":{"start":{"line":50,"column":21},"end":{"line":50,"column":51}},"27":{"start":{"line":51,"column":6},"end":{"line":51,"column":23}},"28":{"start":{"line":53,"column":6},"end":{"line":53,"column":53}},"29":{"start":{"line":57,"column":20},"end":{"line":77,"column":1}},"30":{"start":{"line":58,"column":2},"end":{"line":76,"column":3}},"31":{"start":{"line":59,"column":29},"end":{"line":59,"column":37}},"32":{"start":{"line":60,"column":20},"end":{"line":64,"column":12}},"33":{"start":{"line":65,"column":20},"end":{"line":71,"column":13}},"34":{"start":{"line":73,"column":4},"end":{"line":73,"column":72}},"35":{"start":{"line":75,"column":4},"end":{"line":75,"column":51}},"36":{"start":{"line":78,"column":22},"end":{"line":109,"column":1}},"37":{"start":{"line":79,"column":2},"end":{"line":108,"column":3}},"38":{"start":{"line":80,"column":44},"end":{"line":80,"column":52}},"39":{"start":{"line":81,"column":19},"end":{"line":92,"column":13}},"40":{"start":{"line":93,"column":4},"end":{"line":97,"column":5}},"41":{"start":{"line":94,"column":6},"end":{"line":96,"column":74}},"42":{"start":{"line":98,"column":19},"end":{"line":104,"column":12}},"43":{"start":{"line":105,"column":4},"end":{"line":105,"column":71}},"44":{"start":{"line":107,"column":4},"end":{"line":107,"column":51}},"45":{"start":{"line":110,"column":20},"end":{"line":123,"column":1}},"46":{"start":{"line":111,"column":2},"end":{"line":122,"column":3}},"47":{"start":{"line":112,"column":38},"end":{"line":112,"column":46}},"48":{"start":{"line":113,"column":19},"end":{"line":117,"column":12}},"49":{"start":{"line":119,"column":4},"end":{"line":119,"column":71}},"50":{"start":{"line":121,"column":4},"end":{"line":121,"column":51}},"51":{"start":{"line":124,"column":23},"end":{"line":140,"column":1}},"52":{"start":{"line":125,"column":2},"end":{"line":139,"column":3}},"53":{"start":{"line":126,"column":47},"end":{"line":126,"column":55}},"54":{"start":{"line":127,"column":19},"end":{"line":134,"column":12}},"55":{"start":{"line":136,"column":4},"end":{"line":136,"column":71}},"56":{"start":{"line":138,"column":4},"end":{"line":138,"column":51}},"57":{"start":{"line":141,"column":25},"end":{"line":154,"column":1}},"58":{"start":{"line":142,"column":2},"end":{"line":153,"column":3}},"59":{"start":{"line":143,"column":29},"end":{"line":143,"column":37}},"60":{"start":{"line":144,"column":19},"end":{"line":148,"column":12}},"61":{"start":{"line":150,"column":4},"end":{"line":150,"column":71}},"62":{"start":{"line":152,"column":4},"end":{"line":152,"column":51}},"63":{"start":{"line":156,"column":29},"end":{"line":167,"column":1}},"64":{"start":{"line":157,"column":18},"end":{"line":157,"column":29}},"65":{"start":{"line":159,"column":2},"end":{"line":166,"column":3}},"66":{"start":{"line":160,"column":4},"end":{"line":165,"column":5}},"67":{"start":{"line":161,"column":21},"end":{"line":161,"column":51}},"68":{"start":{"line":162,"column":6},"end":{"line":162,"column":23}},"69":{"start":{"line":164,"column":6},"end":{"line":164,"column":53}}},"fnMap":{"0":{"name":"(anonymous_0)","decl":{"start":{"line":3,"column":19},"end":{"line":3,"column":20}},"loc":{"start":{"line":3,"column":39},"end":{"line":25,"column":1}},"line":3},"1":{"name":"(anonymous_1)","decl":{"start":{"line":26,"column":19},"end":{"line":26,"column":20}},"loc":{"start":{"line":26,"column":39},"end":{"line":44,"column":1}},"line":26},"2":{"name":"(anonymous_2)","decl":{"start":{"line":45,"column":25},"end":{"line":45,"column":26}},"loc":{"start":{"line":45,"column":45},"end":{"line":56,"column":1}},"line":45},"3":{"name":"(anonymous_3)","decl":{"start":{"line":57,"column":20},"end":{"line":57,"column":21}},"loc":{"start":{"line":57,"column":40},"end":{"line":77,"column":1}},"line":57},"4":{"name":"(anonymous_4)","decl":{"start":{"line":78,"column":22},"end":{"line":78,"column":23}},"loc":{"start":{"line":78,"column":42},"end":{"line":109,"column":1}},"line":78},"5":{"name":"(anonymous_5)","decl":{"start":{"line":110,"column":20},"end":{"line":110,"column":21}},"loc":{"start":{"line":110,"column":40},"end":{"line":123,"column":1}},"line":110},"6":{"name":"(anonymous_6)","decl":{"start":{"line":124,"column":23},"end":{"line":124,"column":24}},"loc":{"start":{"line":124,"column":43},"end":{"line":140,"column":1}},"line":124},"7":{"name":"(anonymous_7)","decl":{"start":{"line":141,"column":25},"end":{"line":141,"column":26}},"loc":{"start":{"line":141,"column":45},"end":{"line":154,"column":1}},"line":141},"8":{"name":"(anonymous_8)","decl":{"start":{"line":156,"column":29},"end":{"line":156,"column":30}},"loc":{"start":{"line":156,"column":49},"end":{"line":167,"column":1}},"line":156}},"branchMap":{"0":{"loc":{"start":{"line":5,"column":2},"end":{"line":6,"column":61}},"type":"if","locations":[{"start":{"line":5,"column":2},"end":{"line":6,"column":61}},{"start":{},"end":{}}],"line":5},"1":{"loc":{"start":{"line":5,"column":6},"end":{"line":5,"column":40}},"type":"binary-expr","locations":[{"start":{"line":5,"column":6},"end":{"line":5,"column":10}},{"start":{"line":5,"column":14},"end":{"line":5,"column":19}},{"start":{"line":5,"column":23},"end":{"line":5,"column":29}},{"start":{"line":5,"column":33},"end":{"line":5,"column":40}}],"line":5},"2":{"loc":{"start":{"line":10,"column":4},"end":{"line":21,"column":69}},"type":"if","locations":[{"start":{"line":10,"column":4},"end":{"line":21,"column":69}},{"start":{"line":21,"column":11},"end":{"line":21,"column":69}}],"line":10},"3":{"loc":{"start":{"line":29,"column":2},"end":{"line":43,"column":3}},"type":"if","locations":[{"start":{"line":29,"column":2},"end":{"line":43,"column":3}},{"start":{"line":36,"column":9},"end":{"line":43,"column":3}}],"line":29},"4":{"loc":{"start":{"line":48,"column":2},"end":{"line":55,"column":3}},"type":"if","locations":[{"start":{"line":48,"column":2},"end":{"line":55,"column":3}},{"start":{},"end":{}}],"line":48},"5":{"loc":{"start":{"line":93,"column":4},"end":{"line":97,"column":5}},"type":"if","locations":[{"start":{"line":93,"column":4},"end":{"line":97,"column":5}},{"start":{},"end":{}}],"line":93},"6":{"loc":{"start":{"line":159,"column":2},"end":{"line":166,"column":3}},"type":"if","locations":[{"start":{"line":159,"column":2},"end":{"line":166,"column":3}},{"start":{},"end":{}}],"line":159}},"s":{"0":11,"1":2,"2":2,"3":1,"4":1,"5":1,"6":1,"7":0,"8":0,"9":1,"10":0,"11":11,"12":2,"13":2,"14":1,"15":1,"16":1,"17":0,"18":1,"19":1,"20":1,"21":0,"22":11,"23":1,"24":1,"25":1,"26":1,"27":1,"28":0,"29":11,"30":1,"31":1,"32":1,"33":1,"34":1,"35":0,"36":11,"37":2,"38":2,"39":2,"40":2,"41":1,"42":1,"43":1,"44":0,"45":11,"46":1,"47":1,"48":1,"49":1,"50":0,"51":11,"52":1,"53":1,"54":1,"55":1,"56":0,"57":11,"58":1,"59":1,"60":1,"61":1,"62":0,"63":11,"64":1,"65":1,"66":1,"67":1,"68":1,"69":0},"f":{"0":2,"1":2,"2":1,"3":1,"4":2,"5":1,"6":1,"7":1,"8":1},"b":{"0":[1,1],"1":[2,1,1,1],"2":[0,1],"3":[1,1],"4":[1,0],"5":[1,1],"6":[1,0]},"_coverageSchema":"1a1c01bbd47fc00a2c39e90264f33305004495a9","hash":"bec8f2d3e857310543625c059dd355e26cf6f32e"}
,"C:\\Users\\אחווה סקורי\\.vscode\\BS-PMC-2023-Team30\\backend\\controllers\\refreshTokenController.js": {"path":"C:\\Users\\אחווה סקורי\\.vscode\\BS-PMC-2023-Team30\\backend\\controllers\\refreshTokenController.js","statementMap":{"0":{"start":{"line":5,"column":0},"end":{"line":5,"column":9}},"1":{"start":{"line":7,"column":16},"end":{"line":31,"column":1}},"2":{"start":{"line":8,"column":18},"end":{"line":8,"column":29}},"3":{"start":{"line":9,"column":2},"end":{"line":9,"column":44}},"4":{"start":{"line":9,"column":21},"end":{"line":9,"column":44}},"5":{"start":{"line":10,"column":23},"end":{"line":10,"column":34}},"6":{"start":{"line":11,"column":15},"end":{"line":11,"column":73}},"7":{"start":{"line":13,"column":2},"end":{"line":13,"column":36}},"8":{"start":{"line":13,"column":13},"end":{"line":13,"column":36}},"9":{"start":{"line":14,"column":2},"end":{"line":30,"column":5}},"10":{"start":{"line":15,"column":4},"end":{"line":17,"column":5}},"11":{"start":{"line":16,"column":6},"end":{"line":16,"column":33}},"12":{"start":{"line":18,"column":4},"end":{"line":18,"column":21}},"13":{"start":{"line":19,"column":24},"end":{"line":28,"column":5}},"14":{"start":{"line":29,"column":4},"end":{"line":29,"column":30}}},"fnMap":{"0":{"name":"(anonymous_0)","decl":{"start":{"line":7,"column":16},"end":{"line":7,"column":17}},"loc":{"start":{"line":7,"column":36},"end":{"line":31,"column":1}},"line":7},"1":{"name":"(anonymous_1)","decl":{"start":{"line":14,"column":61},"end":{"line":14,"column":62}},"loc":{"start":{"line":14,"column":79},"end":{"line":30,"column":3}},"line":14}},"branchMap":{"0":{"loc":{"start":{"line":9,"column":2},"end":{"line":9,"column":44}},"type":"if","locations":[{"start":{"line":9,"column":2},"end":{"line":9,"column":44}},{"start":{},"end":{}}],"line":9},"1":{"loc":{"start":{"line":13,"column":2},"end":{"line":13,"column":36}},"type":"if","locations":[{"start":{"line":13,"column":2},"end":{"line":13,"column":36}},{"start":{},"end":{}}],"line":13},"2":{"loc":{"start":{"line":15,"column":4},"end":{"line":17,"column":5}},"type":"if","locations":[{"start":{"line":15,"column":4},"end":{"line":17,"column":5}},{"start":{},"end":{}}],"line":15},"3":{"loc":{"start":{"line":15,"column":8},"end":{"line":15,"column":51}},"type":"binary-expr","locations":[{"start":{"line":15,"column":8},"end":{"line":15,"column":11}},{"start":{"line":15,"column":15},"end":{"line":15,"column":51}}],"line":15}},"s":{"0":11,"1":11,"2":0,"3":0,"4":0,"5":0,"6":0,"7":0,"8":0,"9":0,"10":0,"11":0,"12":0,"13":0,"14":0},"f":{"0":0,"1":0},"b":{"0":[0,0],"1":[0,0],"2":[0,0],"3":[0,0]},"_coverageSchema":"1a1c01bbd47fc00a2c39e90264f33305004495a9","hash":"670254039595a316204cf72b9471a550d0003343"}
,"C:\\Users\\אחווה סקורי\\.vscode\\BS-PMC-2023-Team30\\backend\\controllers\\registerController.js": {"path":"C:\\Users\\אחווה סקורי\\.vscode\\BS-PMC-2023-Team30\\backend\\controllers\\registerController.js","statementMap":{"0":{"start":{"line":3,"column":26},"end":{"line":3,"column":63}},"1":{"start":{"line":4,"column":26},"end":{"line":4,"column":59}},"2":{"start":{"line":5,"column":16},"end":{"line":5,"column":28}},"3":{"start":{"line":7,"column":22},"end":{"line":69,"column":1}},"4":{"start":{"line":8,"column":35},"end":{"line":8,"column":43}},"5":{"start":{"line":9,"column":2},"end":{"line":13,"column":3}},"6":{"start":{"line":10,"column":4},"end":{"line":12,"column":64}},"7":{"start":{"line":15,"column":2},"end":{"line":17,"column":3}},"8":{"start":{"line":16,"column":4},"end":{"line":16,"column":64}},"9":{"start":{"line":21,"column":4},"end":{"line":25,"column":17}},"10":{"start":{"line":28,"column":20},"end":{"line":28,"column":62}},"11":{"start":{"line":29,"column":2},"end":{"line":31,"column":3}},"12":{"start":{"line":30,"column":4},"end":{"line":30,"column":67}},"13":{"start":{"line":34,"column":19},"end":{"line":34,"column":67}},"14":{"start":{"line":35,"column":2},"end":{"line":37,"column":3}},"15":{"start":{"line":36,"column":4},"end":{"line":36,"column":70}},"16":{"start":{"line":40,"column":2},"end":{"line":44,"column":3}},"17":{"start":{"line":41,"column":4},"end":{"line":43,"column":7}},"18":{"start":{"line":46,"column":2},"end":{"line":48,"column":3}},"19":{"start":{"line":47,"column":4},"end":{"line":47,"column":59}},"20":{"start":{"line":50,"column":2},"end":{"line":68,"column":3}},"21":{"start":{"line":51,"column":22},"end":{"line":51,"column":48}},"22":{"start":{"line":52,"column":19},"end":{"line":57,"column":6}},"23":{"start":{"line":59,"column":4},"end":{"line":65,"column":5}},"24":{"start":{"line":60,"column":6},"end":{"line":60,"column":64}},"25":{"start":{"line":61,"column":11},"end":{"line":65,"column":5}},"26":{"start":{"line":62,"column":6},"end":{"line":62,"column":64}},"27":{"start":{"line":64,"column":6},"end":{"line":64,"column":62}},"28":{"start":{"line":67,"column":4},"end":{"line":67,"column":51}}},"fnMap":{"0":{"name":"(anonymous_0)","decl":{"start":{"line":7,"column":22},"end":{"line":7,"column":23}},"loc":{"start":{"line":7,"column":42},"end":{"line":69,"column":1}},"line":7}},"branchMap":{"0":{"loc":{"start":{"line":9,"column":2},"end":{"line":13,"column":3}},"type":"if","locations":[{"start":{"line":9,"column":2},"end":{"line":13,"column":3}},{"start":{},"end":{}}],"line":9},"1":{"loc":{"start":{"line":9,"column":6},"end":{"line":9,"column":27}},"type":"binary-expr","locations":[{"start":{"line":9,"column":6},"end":{"line":9,"column":9}},{"start":{"line":9,"column":13},"end":{"line":9,"column":17}},{"start":{"line":9,"column":21},"end":{"line":9,"column":27}}],"line":9},"2":{"loc":{"start":{"line":15,"column":2},"end":{"line":17,"column":3}},"type":"if","locations":[{"start":{"line":15,"column":2},"end":{"line":17,"column":3}},{"start":{},"end":{}}],"line":15},"3":{"loc":{"start":{"line":15,"column":6},"end":{"line":15,"column":40}},"type":"binary-expr","locations":[{"start":{"line":15,"column":6},"end":{"line":15,"column":17}},{"start":{"line":15,"column":21},"end":{"line":15,"column":40}}],"line":15},"4":{"loc":{"start":{"line":21,"column":4},"end":{"line":25,"column":17}},"type":"cond-expr","locations":[{"start":{"line":22,"column":8},"end":{"line":22,"column":15}},{"start":{"line":23,"column":8},"end":{"line":25,"column":17}}],"line":21},"5":{"loc":{"start":{"line":23,"column":8},"end":{"line":25,"column":17}},"type":"cond-expr","locations":[{"start":{"line":24,"column":8},"end":{"line":24,"column":17}},{"start":{"line":25,"column":8},"end":{"line":25,"column":17}}],"line":23},"6":{"loc":{"start":{"line":29,"column":2},"end":{"line":31,"column":3}},"type":"if","locations":[{"start":{"line":29,"column":2},"end":{"line":31,"column":3}},{"start":{},"end":{}}],"line":29},"7":{"loc":{"start":{"line":35,"column":2},"end":{"line":37,"column":3}},"type":"if","locations":[{"start":{"line":35,"column":2},"end":{"line":37,"column":3}},{"start":{},"end":{}}],"line":35},"8":{"loc":{"start":{"line":40,"column":2},"end":{"line":44,"column":3}},"type":"if","locations":[{"start":{"line":40,"column":2},"end":{"line":44,"column":3}},{"start":{},"end":{}}],"line":40},"9":{"loc":{"start":{"line":40,"column":6},"end":{"line":40,"column":70}},"type":"binary-expr","locations":[{"start":{"line":40,"column":6},"end":{"line":40,"column":36}},{"start":{"line":40,"column":40},"end":{"line":40,"column":70}}],"line":40},"10":{"loc":{"start":{"line":46,"column":2},"end":{"line":48,"column":3}},"type":"if","locations":[{"start":{"line":46,"column":2},"end":{"line":48,"column":3}},{"start":{},"end":{}}],"line":46},"11":{"loc":{"start":{"line":59,"column":4},"end":{"line":65,"column":5}},"type":"if","locations":[{"start":{"line":59,"column":4},"end":{"line":65,"column":5}},{"start":{"line":61,"column":11},"end":{"line":65,"column":5}}],"line":59},"12":{"loc":{"start":{"line":61,"column":11},"end":{"line":65,"column":5}},"type":"if","locations":[{"start":{"line":61,"column":11},"end":{"line":65,"column":5}},{"start":{"line":63,"column":11},"end":{"line":65,"column":5}}],"line":61}},"s":{"0":11,"1":11,"2":11,"3":11,"4":8,"5":8,"6":1,"7":7,"8":1,"9":6,"10":6,"11":6,"12":1,"13":5,"14":5,"15":3,"16":2,"17":1,"18":1,"19":1,"20":0,"21":0,"22":0,"23":0,"24":0,"25":0,"26":0,"27":0,"28":0},"f":{"0":8},"b":{"0":[1,7],"1":[8,8,8],"2":[1,6],"3":[7,1],"4":[0,6],"5":[1,5],"6":[1,5],"7":[3,2],"8":[1,1],"9":[2,1],"10":[1,0],"11":[0,0],"12":[0,0]},"_coverageSchema":"1a1c01bbd47fc00a2c39e90264f33305004495a9","hash":"52fe7dd6c5026fc2b5b1e85586bac2f3623a7b12"}
,"C:\\Users\\אחווה סקורי\\.vscode\\BS-PMC-2023-Team30\\backend\\controllers\\requestController.js": {"path":"C:\\Users\\אחווה סקורי\\.vscode\\BS-PMC-2023-Team30\\backend\\controllers\\requestController.js","statementMap":{"0":{"start":{"line":3,"column":15},"end":{"line":17,"column":1}},"1":{"start":{"line":4,"column":39},"end":{"line":4,"column":47}},"2":{"start":{"line":5,"column":17},"end":{"line":5,"column":25}},"3":{"start":{"line":6,"column":2},"end":{"line":16,"column":3}},"4":{"start":{"line":7,"column":19},"end":{"line":12,"column":6}},"5":{"start":{"line":13,"column":4},"end":{"line":13,"column":63}},"6":{"start":{"line":15,"column":4},"end":{"line":15,"column":51}},"7":{"start":{"line":19,"column":29},"end":{"line":34,"column":1}},"8":{"start":{"line":20,"column":49},"end":{"line":20,"column":57}},"9":{"start":{"line":21,"column":17},"end":{"line":21,"column":25}},"10":{"start":{"line":22,"column":2},"end":{"line":33,"column":3}},"11":{"start":{"line":23,"column":19},"end":{"line":29,"column":6}},"12":{"start":{"line":30,"column":4},"end":{"line":30,"column":63}},"13":{"start":{"line":32,"column":4},"end":{"line":32,"column":51}},"14":{"start":{"line":36,"column":23},"end":{"line":46,"column":1}},"15":{"start":{"line":37,"column":18},"end":{"line":37,"column":29}},"16":{"start":{"line":38,"column":2},"end":{"line":45,"column":3}},"17":{"start":{"line":39,"column":4},"end":{"line":44,"column":5}},"18":{"start":{"line":40,"column":21},"end":{"line":40,"column":50}},"19":{"start":{"line":41,"column":6},"end":{"line":41,"column":23}},"20":{"start":{"line":43,"column":6},"end":{"line":43,"column":53}}},"fnMap":{"0":{"name":"(anonymous_0)","decl":{"start":{"line":3,"column":15},"end":{"line":3,"column":16}},"loc":{"start":{"line":3,"column":35},"end":{"line":17,"column":1}},"line":3},"1":{"name":"(anonymous_1)","decl":{"start":{"line":19,"column":29},"end":{"line":19,"column":30}},"loc":{"start":{"line":19,"column":49},"end":{"line":34,"column":1}},"line":19},"2":{"name":"(anonymous_2)","decl":{"start":{"line":36,"column":23},"end":{"line":36,"column":24}},"loc":{"start":{"line":36,"column":43},"end":{"line":46,"column":1}},"line":36}},"branchMap":{"0":{"loc":{"start":{"line":38,"column":2},"end":{"line":45,"column":3}},"type":"if","locations":[{"start":{"line":38,"column":2},"end":{"line":45,"column":3}},{"start":{},"end":{}}],"line":38}},"s":{"0":11,"1":2,"2":2,"3":2,"4":2,"5":2,"6":0,"7":11,"8":0,"9":0,"10":0,"11":0,"12":0,"13":0,"14":11,"15":1,"16":1,"17":1,"18":1,"19":1,"20":0},"f":{"0":2,"1":0,"2":1},"b":{"0":[1,0]},"_coverageSchema":"1a1c01bbd47fc00a2c39e90264f33305004495a9","hash":"bfd39aa981eb5fa0417aef7fe007b4d75457e588"}
,"C:\\Users\\אחווה סקורי\\.vscode\\BS-PMC-2023-Team30\\backend\\controllers\\roomController.js": {"path":"C:\\Users\\אחווה סקורי\\.vscode\\BS-PMC-2023-Team30\\backend\\controllers\\roomController.js","statementMap":{"0":{"start":{"line":4,"column":20},"end":{"line":38,"column":1}},"1":{"start":{"line":5,"column":69},"end":{"line":5,"column":77}},"2":{"start":{"line":6,"column":17},"end":{"line":6,"column":25}},"3":{"start":{"line":8,"column":2},"end":{"line":10,"column":3}},"4":{"start":{"line":9,"column":4},"end":{"line":9,"column":68}},"5":{"start":{"line":12,"column":2},"end":{"line":37,"column":3}},"6":{"start":{"line":13,"column":19},"end":{"line":17,"column":16}},"7":{"start":{"line":19,"column":4},"end":{"line":23,"column":5}},"8":{"start":{"line":20,"column":6},"end":{"line":22,"column":79}},"9":{"start":{"line":25,"column":19},"end":{"line":32,"column":6}},"10":{"start":{"line":34,"column":4},"end":{"line":34,"column":62}},"11":{"start":{"line":36,"column":4},"end":{"line":36,"column":51}},"12":{"start":{"line":40,"column":20},"end":{"line":48,"column":1}},"13":{"start":{"line":41,"column":2},"end":{"line":47,"column":3}},"14":{"start":{"line":42,"column":18},"end":{"line":42,"column":62}},"15":{"start":{"line":43,"column":23},"end":{"line":43,"column":71}},"16":{"start":{"line":43,"column":44},"end":{"line":43,"column":69}},"17":{"start":{"line":44,"column":4},"end":{"line":44,"column":37}},"18":{"start":{"line":46,"column":4},"end":{"line":46,"column":51}}},"fnMap":{"0":{"name":"(anonymous_0)","decl":{"start":{"line":4,"column":20},"end":{"line":4,"column":21}},"loc":{"start":{"line":4,"column":40},"end":{"line":38,"column":1}},"line":4},"1":{"name":"(anonymous_1)","decl":{"start":{"line":40,"column":20},"end":{"line":40,"column":21}},"loc":{"start":{"line":40,"column":40},"end":{"line":48,"column":1}},"line":40},"2":{"name":"(anonymous_2)","decl":{"start":{"line":43,"column":33},"end":{"line":43,"column":34}},"loc":{"start":{"line":43,"column":44},"end":{"line":43,"column":69}},"line":43}},"branchMap":{"0":{"loc":{"start":{"line":8,"column":2},"end":{"line":10,"column":3}},"type":"if","locations":[{"start":{"line":8,"column":2},"end":{"line":10,"column":3}},{"start":{},"end":{}}],"line":8},"1":{"loc":{"start":{"line":8,"column":6},"end":{"line":8,"column":67}},"type":"binary-expr","locations":[{"start":{"line":8,"column":6},"end":{"line":8,"column":13}},{"start":{"line":8,"column":17},"end":{"line":8,"column":26}},{"start":{"line":8,"column":30},"end":{"line":8,"column":41}},{"start":{"line":8,"column":45},"end":{"line":8,"column":55}},{"start":{"line":8,"column":59},"end":{"line":8,"column":67}}],"line":8},"2":{"loc":{"start":{"line":19,"column":4},"end":{"line":23,"column":5}},"type":"if","locations":[{"start":{"line":19,"column":4},"end":{"line":23,"column":5}},{"start":{},"end":{}}],"line":19}},"s":{"0":11,"1":2,"2":2,"3":2,"4":1,"5":1,"6":1,"7":1,"8":1,"9":0,"10":0,"11":0,"12":11,"13":1,"14":1,"15":1,"16":7,"17":1,"18":0},"f":{"0":2,"1":1,"2":7},"b":{"0":[1,1],"1":[2,2,1,1,1],"2":[1,0]},"_coverageSchema":"1a1c01bbd47fc00a2c39e90264f33305004495a9","hash":"e69f2ef9611f12f2ed57051ab9a752a3aef24a50"}
,"C:\\Users\\אחווה סקורי\\.vscode\\BS-PMC-2023-Team30\\backend\\controllers\\signinController.js": {"path":"C:\\Users\\אחווה סקורי\\.vscode\\BS-PMC-2023-Team30\\backend\\controllers\\signinController.js","statementMap":{"0":{"start":{"line":5,"column":0},"end":{"line":5,"column":9}},"1":{"start":{"line":7,"column":17},"end":{"line":57,"column":1}},"2":{"start":{"line":8,"column":25},"end":{"line":8,"column":33}},"3":{"start":{"line":9,"column":2},"end":{"line":12,"column":61}},"4":{"start":{"line":10,"column":4},"end":{"line":12,"column":61}},"5":{"start":{"line":14,"column":2},"end":{"line":56,"column":3}},"6":{"start":{"line":15,"column":17},"end":{"line":15,"column":65}},"7":{"start":{"line":16,"column":4},"end":{"line":53,"column":72}},"8":{"start":{"line":17,"column":6},"end":{"line":52,"column":72}},"9":{"start":{"line":18,"column":28},"end":{"line":27,"column":9}},"10":{"start":{"line":28,"column":29},"end":{"line":32,"column":9}},"11":{"start":{"line":34,"column":26},"end":{"line":38,"column":16}},"12":{"start":{"line":40,"column":8},"end":{"line":45,"column":11}},"13":{"start":{"line":47,"column":8},"end":{"line":51,"column":11}},"14":{"start":{"line":52,"column":13},"end":{"line":52,"column":72}},"15":{"start":{"line":53,"column":11},"end":{"line":53,"column":72}},"16":{"start":{"line":55,"column":4},"end":{"line":55,"column":51}}},"fnMap":{"0":{"name":"(anonymous_0)","decl":{"start":{"line":7,"column":17},"end":{"line":7,"column":18}},"loc":{"start":{"line":7,"column":37},"end":{"line":57,"column":1}},"line":7}},"branchMap":{"0":{"loc":{"start":{"line":9,"column":2},"end":{"line":12,"column":61}},"type":"if","locations":[{"start":{"line":9,"column":2},"end":{"line":12,"column":61}},{"start":{},"end":{}}],"line":9},"1":{"loc":{"start":{"line":9,"column":6},"end":{"line":9,"column":20}},"type":"binary-expr","locations":[{"start":{"line":9,"column":6},"end":{"line":9,"column":12}},{"start":{"line":9,"column":16},"end":{"line":9,"column":20}}],"line":9},"2":{"loc":{"start":{"line":16,"column":4},"end":{"line":53,"column":72}},"type":"if","locations":[{"start":{"line":16,"column":4},"end":{"line":53,"column":72}},{"start":{"line":53,"column":11},"end":{"line":53,"column":72}}],"line":16},"3":{"loc":{"start":{"line":17,"column":6},"end":{"line":52,"column":72}},"type":"if","locations":[{"start":{"line":17,"column":6},"end":{"line":52,"column":72}},{"start":{"line":52,"column":13},"end":{"line":52,"column":72}}],"line":17}},"s":{"0":11,"1":11,"2":34,"3":34,"4":0,"5":34,"6":34,"7":34,"8":34,"9":33,"10":33,"11":33,"12":33,"13":33,"14":1,"15":0,"16":0},"f":{"0":34},"b":{"0":[0,34],"1":[34,34],"2":[34,0],"3":[33,1]},"_coverageSchema":"1a1c01bbd47fc00a2c39e90264f33305004495a9","hash":"ba13b1515403e5e0f8b422fe773ec039d4855ec5"}
,"C:\\Users\\אחווה סקורי\\.vscode\\BS-PMC-2023-Team30\\backend\\controllers\\statisticsController.js": {"path":"C:\\Users\\אחווה סקורי\\.vscode\\BS-PMC-2023-Team30\\backend\\controllers\\statisticsController.js","statementMap":{"0":{"start":{"line":4,"column":18},"end":{"line":8,"column":1}},"1":{"start":{"line":5,"column":16},"end":{"line":5,"column":60}},"2":{"start":{"line":6,"column":19},"end":{"line":6,"column":65}},"3":{"start":{"line":7,"column":4},"end":{"line":7,"column":30}}},"fnMap":{"0":{"name":"(anonymous_0)","decl":{"start":{"line":4,"column":18},"end":{"line":4,"column":19}},"loc":{"start":{"line":4,"column":38},"end":{"line":8,"column":1}},"line":4}},"branchMap":{},"s":{"0":11,"1":1,"2":1,"3":1},"f":{"0":1},"b":{},"_coverageSchema":"1a1c01bbd47fc00a2c39e90264f33305004495a9","hash":"6990d1ee3261bc1a7d7c1be7ac120060a656b7a0"}
,"C:\\Users\\אחווה סקורי\\.vscode\\BS-PMC-2023-Team30\\backend\\middleware\\verifyJWT.js": {"path":"C:\\Users\\אחווה סקורי\\.vscode\\BS-PMC-2023-Team30\\backend\\middleware\\verifyJWT.js","statementMap":{"0":{"start":{"line":3,"column":0},"end":{"line":3,"column":9}},"1":{"start":{"line":5,"column":18},"end":{"line":14,"column":1}},"2":{"start":{"line":6,"column":16},"end":{"line":6,"column":32}},"3":{"start":{"line":8,"column":2},"end":{"line":13,"column":5}},"4":{"start":{"line":9,"column":4},"end":{"line":9,"column":40}},"5":{"start":{"line":9,"column":13},"end":{"line":9,"column":40}},"6":{"start":{"line":10,"column":4},"end":{"line":10,"column":42}},"7":{"start":{"line":11,"column":4},"end":{"line":11,"column":37}},"8":{"start":{"line":12,"column":4},"end":{"line":12,"column":11}}},"fnMap":{"0":{"name":"(anonymous_0)","decl":{"start":{"line":5,"column":18},"end":{"line":5,"column":19}},"loc":{"start":{"line":5,"column":38},"end":{"line":14,"column":1}},"line":5},"1":{"name":"(anonymous_1)","decl":{"start":{"line":8,"column":53},"end":{"line":8,"column":54}},"loc":{"start":{"line":8,"column":71},"end":{"line":13,"column":3}},"line":8}},"branchMap":{"0":{"loc":{"start":{"line":9,"column":4},"end":{"line":9,"column":40}},"type":"if","locations":[{"start":{"line":9,"column":4},"end":{"line":9,"column":40}},{"start":{},"end":{}}],"line":9}},"s":{"0":11,"1":11,"2":29,"3":29,"4":29,"5":0,"6":29,"7":29,"8":29},"f":{"0":29,"1":29},"b":{"0":[0,29]},"_coverageSchema":"1a1c01bbd47fc00a2c39e90264f33305004495a9","hash":"bb0d7b0967aae7a93e6baf4600a19cef176b496c"}
,"C:\\Users\\אחווה סקורי\\.vscode\\BS-PMC-2023-Team30\\backend\\middleware\\verifyRoles.js": {"path":"C:\\Users\\אחווה סקורי\\.vscode\\BS-PMC-2023-Team30\\backend\\middleware\\verifyRoles.js","statementMap":{"0":{"start":{"line":1,"column":20},"end":{"line":12,"column":1}},"1":{"start":{"line":2,"column":2},"end":{"line":11,"column":4}},"2":{"start":{"line":3,"column":4},"end":{"line":3,"column":47}},"3":{"start":{"line":3,"column":20},"end":{"line":3,"column":47}},"4":{"start":{"line":4,"column":23},"end":{"line":4,"column":40}},"5":{"start":{"line":5,"column":17},"end":{"line":5,"column":27}},"6":{"start":{"line":6,"column":19},"end":{"line":8,"column":34}},"7":{"start":{"line":7,"column":21},"end":{"line":7,"column":46}},"8":{"start":{"line":8,"column":21},"end":{"line":8,"column":33}},"9":{"start":{"line":9,"column":4},"end":{"line":9,"column":44}},"10":{"start":{"line":9,"column":17},"end":{"line":9,"column":44}},"11":{"start":{"line":10,"column":4},"end":{"line":10,"column":11}}},"fnMap":{"0":{"name":"(anonymous_0)","decl":{"start":{"line":1,"column":20},"end":{"line":1,"column":21}},"loc":{"start":{"line":1,"column":41},"end":{"line":12,"column":1}},"line":1},"1":{"name":"(anonymous_1)","decl":{"start":{"line":2,"column":9},"end":{"line":2,"column":10}},"loc":{"start":{"line":2,"column":29},"end":{"line":11,"column":3}},"line":2},"2":{"name":"(anonymous_2)","decl":{"start":{"line":7,"column":11},"end":{"line":7,"column":12}},"loc":{"start":{"line":7,"column":21},"end":{"line":7,"column":46}},"line":7},"3":{"name":"(anonymous_3)","decl":{"start":{"line":8,"column":12},"end":{"line":8,"column":13}},"loc":{"start":{"line":8,"column":21},"end":{"line":8,"column":33}},"line":8}},"branchMap":{"0":{"loc":{"start":{"line":3,"column":4},"end":{"line":3,"column":47}},"type":"if","locations":[{"start":{"line":3,"column":4},"end":{"line":3,"column":47}},{"start":{},"end":{}}],"line":3},"1":{"loc":{"start":{"line":9,"column":4},"end":{"line":9,"column":44}},"type":"if","locations":[{"start":{"line":9,"column":4},"end":{"line":9,"column":44}},{"start":{},"end":{}}],"line":9}},"s":{"0":11,"1":231,"2":27,"3":0,"4":27,"5":27,"6":27,"7":27,"8":27,"9":27,"10":1,"11":26},"f":{"0":231,"1":27,"2":27,"3":27},"b":{"0":[0,27],"1":[1,26]},"_coverageSchema":"1a1c01bbd47fc00a2c39e90264f33305004495a9","hash":"968cf72d3bc9ec4ec0e4e846989959f2c78e58c5"}
,"C:\\Users\\אחווה סקורי\\.vscode\\BS-PMC-2023-Team30\\backend\\model\\Order.js": {"path":"C:\\Users\\אחווה סקורי\\.vscode\\BS-PMC-2023-Team30\\backend\\model\\Order.js","statementMap":{"0":{"start":{"line":3,"column":15},"end":{"line":3,"column":30}},"1":{"start":{"line":5,"column":20},"end":{"line":34,"column":2}},"2":{"start":{"line":36,"column":14},"end":{"line":36,"column":50}}},"fnMap":{},"branchMap":{},"s":{"0":11,"1":11,"2":11},"f":{},"b":{},"_coverageSchema":"1a1c01bbd47fc00a2c39e90264f33305004495a9","hash":"f7db3951ed19afe205e3f23899c9c8362cc87424"}
,"C:\\Users\\אחווה סקורי\\.vscode\\BS-PMC-2023-Team30\\backend\\model\\Problem.js": {"path":"C:\\Users\\אחווה סקורי\\.vscode\\BS-PMC-2023-Team30\\backend\\model\\Problem.js","statementMap":{"0":{"start":{"line":3,"column":15},"end":{"line":3,"column":30}},"1":{"start":{"line":5,"column":22},"end":{"line":18,"column":2}},"2":{"start":{"line":20,"column":16},"end":{"line":20,"column":56}}},"fnMap":{},"branchMap":{},"s":{"0":11,"1":11,"2":11},"f":{},"b":{},"_coverageSchema":"1a1c01bbd47fc00a2c39e90264f33305004495a9","hash":"388ab6817b705ac7326cb9e3376ec94a82c8af6d"}
,"C:\\Users\\אחווה סקורי\\.vscode\\BS-PMC-2023-Team30\\backend\\model\\Product.js": {"path":"C:\\Users\\אחווה סקורי\\.vscode\\BS-PMC-2023-Team30\\backend\\model\\Product.js","statementMap":{"0":{"start":{"line":2,"column":15},"end":{"line":2,"column":30}},"1":{"start":{"line":4,"column":22},"end":{"line":49,"column":2}},"2":{"start":{"line":50,"column":17},"end":{"line":50,"column":58}}},"fnMap":{},"branchMap":{},"s":{"0":11,"1":11,"2":11},"f":{},"b":{},"_coverageSchema":"1a1c01bbd47fc00a2c39e90264f33305004495a9","hash":"60f4ba869d501adcbe0dd61b0e38770395e002dd"}
,"C:\\Users\\אחווה סקורי\\.vscode\\BS-PMC-2023-Team30\\backend\\model\\Request.js": {"path":"C:\\Users\\אחווה סקורי\\.vscode\\BS-PMC-2023-Team30\\backend\\model\\Request.js","statementMap":{"0":{"start":{"line":3,"column":15},"end":{"line":3,"column":30}},"1":{"start":{"line":5,"column":22},"end":{"line":26,"column":2}},"2":{"start":{"line":28,"column":16},"end":{"line":28,"column":56}}},"fnMap":{},"branchMap":{},"s":{"0":11,"1":11,"2":11},"f":{},"b":{},"_coverageSchema":"1a1c01bbd47fc00a2c39e90264f33305004495a9","hash":"ad9c11229f56cc0661b8bbf821362b0c65e80c96"}
,"C:\\Users\\אחווה סקורי\\.vscode\\BS-PMC-2023-Team30\\backend\\model\\Room.js": {"path":"C:\\Users\\אחווה סקורי\\.vscode\\BS-PMC-2023-Team30\\backend\\model\\Room.js","statementMap":{"0":{"start":{"line":3,"column":15},"end":{"line":3,"column":30}},"1":{"start":{"line":5,"column":19},"end":{"line":29,"column":2}},"2":{"start":{"line":31,"column":13},"end":{"line":31,"column":47}}},"fnMap":{},"branchMap":{},"s":{"0":11,"1":11,"2":11},"f":{},"b":{},"_coverageSchema":"1a1c01bbd47fc00a2c39e90264f33305004495a9","hash":"01096d3ccb52236cd076fa495514ab21da302d99"}
,"C:\\Users\\אחווה סקורי\\.vscode\\BS-PMC-2023-Team30\\backend\\model\\Users.js": {"path":"C:\\Users\\אחווה סקורי\\.vscode\\BS-PMC-2023-Team30\\backend\\model\\Users.js","statementMap":{"0":{"start":{"line":2,"column":15},"end":{"line":2,"column":30}},"1":{"start":{"line":4,"column":20},"end":{"line":22,"column":2}},"2":{"start":{"line":23,"column":14},"end":{"line":23,"column":50}}},"fnMap":{},"branchMap":{},"s":{"0":11,"1":11,"2":11},"f":{},"b":{},"_coverageSchema":"1a1c01bbd47fc00a2c39e90264f33305004495a9","hash":"5280834c2538d5c3c7dee744fa701d5a7b5b41f7"}
,"C:\\Users\\אחווה סקורי\\.vscode\\BS-PMC-2023-Team30\\backend\\routes\\logout.js": {"path":"C:\\Users\\אחווה סקורי\\.vscode\\BS-PMC-2023-Team30\\backend\\routes\\logout.js","statementMap":{"0":{"start":{"line":2,"column":15},"end":{"line":2,"column":31}},"1":{"start":{"line":5,"column":0},"end":{"line":5,"column":41}}},"fnMap":{},"branchMap":{},"s":{"0":11,"1":11},"f":{},"b":{},"_coverageSchema":"1a1c01bbd47fc00a2c39e90264f33305004495a9","hash":"d2014c937a6b0383749c9fc6f8d0b9c387b3bb18"}
,"C:\\Users\\אחווה סקורי\\.vscode\\BS-PMC-2023-Team30\\backend\\routes\\order.js": {"path":"C:\\Users\\אחווה סקורי\\.vscode\\BS-PMC-2023-Team30\\backend\\routes\\order.js","statementMap":{"0":{"start":{"line":6,"column":15},"end":{"line":6,"column":31}},"1":{"start":{"line":8,"column":0},"end":{"line":12,"column":2}},"2":{"start":{"line":13,"column":0},"end":{"line":17,"column":2}},"3":{"start":{"line":18,"column":0},"end":{"line":22,"column":2}}},"fnMap":{},"branchMap":{},"s":{"0":11,"1":11,"2":11,"3":11},"f":{},"b":{},"_coverageSchema":"1a1c01bbd47fc00a2c39e90264f33305004495a9","hash":"c628ffeb715fb37f6102d00db76c40c22b84f068"}
,"C:\\Users\\אחווה סקורי\\.vscode\\BS-PMC-2023-Team30\\backend\\routes\\problem.js": {"path":"C:\\Users\\אחווה סקורי\\.vscode\\BS-PMC-2023-Team30\\backend\\routes\\problem.js","statementMap":{"0":{"start":{"line":6,"column":15},"end":{"line":6,"column":31}},"1":{"start":{"line":8,"column":0},"end":{"line":12,"column":2}}},"fnMap":{},"branchMap":{},"s":{"0":11,"1":11},"f":{},"b":{},"_coverageSchema":"1a1c01bbd47fc00a2c39e90264f33305004495a9","hash":"220e8c7405b1b93e6cb5f6c862b3ba230e1f39d3"}
,"C:\\Users\\אחווה סקורי\\.vscode\\BS-PMC-2023-Team30\\backend\\routes\\product.js": {"path":"C:\\Users\\אחווה סקורי\\.vscode\\BS-PMC-2023-Team30\\backend\\routes\\product.js","statementMap":{"0":{"start":{"line":2,"column":15},"end":{"line":2,"column":31}},"1":{"start":{"line":7,"column":0},"end":{"line":7,"column":78}},"2":{"start":{"line":8,"column":0},"end":{"line":8,"column":46}},"3":{"start":{"line":9,"column":0},"end":{"line":13,"column":2}},"4":{"start":{"line":14,"column":0},"end":{"line":18,"column":2}},"5":{"start":{"line":19,"column":0},"end":{"line":23,"column":2}},"6":{"start":{"line":24,"column":0},"end":{"line":28,"column":2}},"7":{"start":{"line":29,"column":0},"end":{"line":33,"column":2}},"8":{"start":{"line":34,"column":0},"end":{"line":38,"column":2}},"9":{"start":{"line":39,"column":0},"end":{"line":43,"column":2}}},"fnMap":{},"branchMap":{},"s":{"0":11,"1":11,"2":11,"3":11,"4":11,"5":11,"6":11,"7":11,"8":11,"9":11},"f":{},"b":{},"_coverageSchema":"1a1c01bbd47fc00a2c39e90264f33305004495a9","hash":"f282b773c30c5a9bc04a89ecaa58e4ee4204637e"}
,"C:\\Users\\אחווה סקורי\\.vscode\\BS-PMC-2023-Team30\\backend\\routes\\profile.js": {"path":"C:\\Users\\אחווה סקורי\\.vscode\\BS-PMC-2023-Team30\\backend\\routes\\profile.js","statementMap":{"0":{"start":{"line":6,"column":15},"end":{"line":6,"column":31}},"1":{"start":{"line":8,"column":0},"end":{"line":12,"column":2}},"2":{"start":{"line":13,"column":0},"end":{"line":17,"column":2}},"3":{"start":{"line":18,"column":0},"end":{"line":22,"column":2}}},"fnMap":{},"branchMap":{},"s":{"0":11,"1":11,"2":11,"3":11},"f":{},"b":{},"_coverageSchema":"1a1c01bbd47fc00a2c39e90264f33305004495a9","hash":"d1602b5b22194b945582538e6136c497c6833e7e"}
,"C:\\Users\\אחווה סקורי\\.vscode\\BS-PMC-2023-Team30\\backend\\routes\\refresh.js": {"path":"C:\\Users\\אחווה סקורי\\.vscode\\BS-PMC-2023-Team30\\backend\\routes\\refresh.js","statementMap":{"0":{"start":{"line":2,"column":15},"end":{"line":2,"column":31}},"1":{"start":{"line":5,"column":0},"end":{"line":5,"column":48}}},"fnMap":{},"branchMap":{},"s":{"0":11,"1":11},"f":{},"b":{},"_coverageSchema":"1a1c01bbd47fc00a2c39e90264f33305004495a9","hash":"952a2bd3e974b01dfde0ce141d18b6777e03ff9f"}
,"C:\\Users\\אחווה סקורי\\.vscode\\BS-PMC-2023-Team30\\backend\\routes\\register.js": {"path":"C:\\Users\\אחווה סקורי\\.vscode\\BS-PMC-2023-Team30\\backend\\routes\\register.js","statementMap":{"0":{"start":{"line":2,"column":15},"end":{"line":2,"column":31}},"1":{"start":{"line":7,"column":0},"end":{"line":7,"column":51}}},"fnMap":{},"branchMap":{},"s":{"0":11,"1":11},"f":{},"b":{},"_coverageSchema":"1a1c01bbd47fc00a2c39e90264f33305004495a9","hash":"43979ae704aa03e88b8d3633863537cec3dafce3"}
,"C:\\Users\\אחווה סקורי\\.vscode\\BS-PMC-2023-Team30\\backend\\routes\\request.js": {"path":"C:\\Users\\אחווה סקורי\\.vscode\\BS-PMC-2023-Team30\\backend\\routes\\request.js","statementMap":{"0":{"start":{"line":6,"column":15},"end":{"line":6,"column":31}},"1":{"start":{"line":7,"column":0},"end":{"line":11,"column":2}},"2":{"start":{"line":12,"column":0},"end":{"line":16,"column":2}},"3":{"start":{"line":18,"column":0},"end":{"line":22,"column":2}}},"fnMap":{},"branchMap":{},"s":{"0":11,"1":11,"2":11,"3":11},"f":{},"b":{},"_coverageSchema":"1a1c01bbd47fc00a2c39e90264f33305004495a9","hash":"cba3c9c8b7518e64e8f880f2d21f1b823f1e7be8"}
,"C:\\Users\\אחווה סקורי\\.vscode\\BS-PMC-2023-Team30\\backend\\routes\\room.js": {"path":"C:\\Users\\אחווה סקורי\\.vscode\\BS-PMC-2023-Team30\\backend\\routes\\room.js","statementMap":{"0":{"start":{"line":6,"column":15},"end":{"line":6,"column":31}},"1":{"start":{"line":8,"column":0},"end":{"line":12,"column":2}},"2":{"start":{"line":13,"column":0},"end":{"line":13,"column":77}}},"fnMap":{},"branchMap":{},"s":{"0":11,"1":11,"2":11},"f":{},"b":{},"_coverageSchema":"1a1c01bbd47fc00a2c39e90264f33305004495a9","hash":"dd158bdb3e047f7a5ef38e2a89ad06c802c80c09"}
,"C:\\Users\\אחווה סקורי\\.vscode\\BS-PMC-2023-Team30\\backend\\routes\\signin.js": {"path":"C:\\Users\\אחווה סקורי\\.vscode\\BS-PMC-2023-Team30\\backend\\routes\\signin.js","statementMap":{"0":{"start":{"line":2,"column":15},"end":{"line":2,"column":31}},"1":{"start":{"line":5,"column":0},"end":{"line":5,"column":44}}},"fnMap":{},"branchMap":{},"s":{"0":11,"1":11},"f":{},"b":{},"_coverageSchema":"1a1c01bbd47fc00a2c39e90264f33305004495a9","hash":"98bd9b3a8d11dbcf472bf43f6a22371adeb9d733"}
,"C:\\Users\\אחווה סקורי\\.vscode\\BS-PMC-2023-Team30\\backend\\routes\\statistics.js": {"path":"C:\\Users\\אחווה סקורי\\.vscode\\BS-PMC-2023-Team30\\backend\\routes\\statistics.js","statementMap":{"0":{"start":{"line":6,"column":15},"end":{"line":6,"column":31}},"1":{"start":{"line":8,"column":0},"end":{"line":12,"column":2}}},"fnMap":{},"branchMap":{},"s":{"0":11,"1":11},"f":{},"b":{},"_coverageSchema":"1a1c01bbd47fc00a2c39e90264f33305004495a9","hash":"d53fcbe85f83dbcce05e41f4369cfe331882d925"}
}
