TN:
SF:app.js
FNF:0
FNH:0
DA:19,11
DA:21,11
DA:27,11
DA:29,11
DA:30,11
DA:31,11
DA:32,11
DA:34,11
DA:35,11
DA:36,11
DA:37,11
DA:38,11
DA:39,11
DA:40,11
DA:41,11
DA:42,11
DA:43,11
DA:44,11
DA:45,11
DA:46,11
DA:47,11
DA:48,11
DA:49,11
DA:50,11
LF:24
LH:24
BRF:0
BRH:0
end_of_record
TN:
SF:config\roles_list.js
FNF:0
FNH:0
DA:1,11
LF:1
LH:1
BRF:0
BRH:0
end_of_record
TN:
SF:controllers\OrderController.js
FN:5,(anonymous_0)
FN:46,(anonymous_1)
FN:49,(anonymous_2)
FN:55,(anonymous_3)
FN:58,(anonymous_4)
FNF:5
FNH:5
FNDA:2,(anonymous_0)
FNDA:1,(anonymous_1)
FNDA:7,(anonymous_2)
FNDA:1,(anonymous_3)
FNDA:8,(anonymous_4)
DA:5,11
DA:6,2
DA:7,2
DA:9,2
DA:10,1
DA:13,1
DA:14,1
DA:23,1
DA:24,1
DA:29,0
DA:31,0
DA:40,0
DA:42,0
DA:46,11
DA:47,1
DA:48,1
DA:49,7
DA:50,1
DA:52,0
DA:55,11
DA:56,1
DA:57,1
DA:58,8
DA:59,1
DA:61,0
LF:25
LH:19
BRDA:9,0,0,1
BRDA:9,0,1,1
BRDA:9,1,0,2
BRDA:9,1,1,2
BRDA:9,1,2,2
BRDA:9,1,3,2
BRDA:23,2,0,1
BRDA:23,2,1,0
BRF:8
BRH:7
end_of_record
TN:
SF:controllers\ProfileController.js
FN:4,(anonymous_0)
FN:26,(anonymous_1)
FNF:2
FNH:2
FNDA:2,(anonymous_0)
FNDA:1,(anonymous_1)
DA:4,11
DA:5,2
DA:7,2
DA:8,2
DA:12,2
DA:16,2
DA:17,0
DA:20,2
DA:22,0
DA:26,11
DA:27,1
DA:28,1
DA:32,1
DA:37,1
DA:38,0
DA:43,1
DA:45,0
LF:17
LH:13
BRDA:16,0,0,0
BRDA:16,0,1,2
BRDA:16,1,0,2
BRDA:16,1,1,1
BRDA:37,2,0,0
BRDA:37,2,1,1
BRF:6
BRH:4
end_of_record
TN:
SF:controllers\late.js
FN:5,(anonymous_0)
FN:29,(anonymous_1)
FN:43,(anonymous_2)
FNF:3
FNH:1
FNDA:1,(anonymous_0)
FNDA:0,(anonymous_1)
FNDA:0,(anonymous_2)
DA:5,11
DA:6,1
DA:10,1
DA:16,1
DA:20,1
DA:21,1
DA:22,1
DA:29,1
DA:30,0
DA:31,0
DA:34,1
DA:35,1
DA:36,1
DA:43,1
DA:44,0
DA:45,0
DA:48,1
LF:17
LH:13
BRDA:30,0,0,0
BRDA:30,0,1,0
BRDA:44,1,0,0
BRDA:44,1,1,0
BRF:4
BRH:0
end_of_record
TN:
SF:controllers\logoutController.js
FN:6,(anonymous_0)
FNF:1
FNH:1
FNDA:1,(anonymous_0)
DA:4,11
DA:6,11
DA:9,1
DA:10,1
DA:11,0
DA:14,0
DA:15,0
DA:16,0
DA:17,0
DA:21,0
DA:27,0
DA:28,0
LF:12
LH:4
BRDA:10,0,0,1
BRDA:10,0,1,0
BRDA:15,1,0,0
BRDA:15,1,1,0
BRF:4
BRH:1
end_of_record
TN:
SF:controllers\problemController.js
FN:4,(anonymous_0)
FNF:1
FNH:1
FNDA:2,(anonymous_0)
DA:4,11
DA:5,2
DA:6,2
DA:8,2
DA:9,0
DA:11,2
DA:12,2
DA:17,2
DA:19,0
LF:9
LH:7
BRDA:8,0,0,0
BRDA:8,0,1,2
BRF:2
BRH:1
end_of_record
TN:
SF:controllers\productController.js
FN:3,(anonymous_0)
FN:26,(anonymous_1)
FN:45,(anonymous_2)
FN:57,(anonymous_3)
FN:78,(anonymous_4)
FN:110,(anonymous_5)
FN:124,(anonymous_6)
FN:141,(anonymous_7)
FN:156,(anonymous_8)
FNF:9
FNH:9
FNDA:2,(anonymous_0)
FNDA:2,(anonymous_1)
FNDA:1,(anonymous_2)
FNDA:1,(anonymous_3)
FNDA:2,(anonymous_4)
FNDA:1,(anonymous_5)
FNDA:1,(anonymous_6)
FNDA:1,(anonymous_7)
FNDA:1,(anonymous_8)
DA:3,11
DA:4,2
DA:5,2
DA:6,1
DA:8,1
DA:9,1
DA:10,1
DA:11,0
DA:20,0
DA:21,1
DA:23,0
DA:26,11
DA:27,2
DA:29,2
DA:30,1
DA:31,1
DA:32,1
DA:34,0
DA:37,1
DA:38,1
DA:39,1
DA:41,0
DA:45,11
DA:46,1
DA:48,1
DA:49,1
DA:50,1
DA:51,1
DA:53,0
DA:57,11
DA:58,1
DA:59,1
DA:60,1
DA:65,1
DA:73,1
DA:75,0
DA:78,11
DA:79,2
DA:80,2
DA:81,2
DA:93,2
DA:94,1
DA:98,1
DA:105,1
DA:107,0
DA:110,11
DA:111,1
DA:112,1
DA:113,1
DA:119,1
DA:121,0
DA:124,11
DA:125,1
DA:126,1
DA:127,1
DA:136,1
DA:138,0
DA:141,11
DA:142,1
DA:143,1
DA:144,1
DA:150,1
DA:152,0
DA:156,11
DA:157,1
DA:159,1
DA:160,1
DA:161,1
DA:162,1
DA:164,0
LF:70
LH:58
BRDA:5,0,0,1
BRDA:5,0,1,1
BRDA:5,1,0,2
BRDA:5,1,1,1
BRDA:5,1,2,1
BRDA:5,1,3,1
BRDA:10,2,0,0
BRDA:10,2,1,1
BRDA:29,3,0,1
BRDA:29,3,1,1
BRDA:48,4,0,1
BRDA:48,4,1,0
BRDA:93,5,0,1
BRDA:93,5,1,1
BRDA:159,6,0,1
BRDA:159,6,1,0
BRF:16
BRH:13
end_of_record
TN:
SF:controllers\refreshTokenController.js
FN:7,(anonymous_0)
FN:14,(anonymous_1)
FNF:2
FNH:0
FNDA:0,(anonymous_0)
FNDA:0,(anonymous_1)
DA:5,11
DA:7,11
DA:8,0
DA:9,0
DA:10,0
DA:11,0
DA:13,0
DA:14,0
DA:15,0
DA:16,0
DA:18,0
DA:19,0
DA:29,0
LF:13
LH:2
BRDA:9,0,0,0
BRDA:9,0,1,0
BRDA:13,1,0,0
BRDA:13,1,1,0
BRDA:15,2,0,0
BRDA:15,2,1,0
BRDA:15,3,0,0
BRDA:15,3,1,0
BRF:8
BRH:0
end_of_record
TN:
SF:controllers\registerController.js
FN:7,(anonymous_0)
FNF:1
FNH:1
FNDA:8,(anonymous_0)
DA:3,11
DA:4,11
DA:5,11
DA:7,11
DA:8,8
DA:9,8
DA:10,1
DA:15,7
DA:16,1
DA:21,6
DA:28,6
DA:29,6
DA:30,1
DA:34,5
DA:35,5
DA:36,3
DA:40,2
DA:41,1
DA:46,1
DA:47,1
DA:50,0
DA:51,0
DA:52,0
DA:59,0
DA:60,0
DA:61,0
DA:62,0
DA:64,0
DA:67,0
LF:29
LH:20
BRDA:9,0,0,1
BRDA:9,0,1,7
BRDA:9,1,0,8
BRDA:9,1,1,8
BRDA:9,1,2,8
BRDA:15,2,0,1
BRDA:15,2,1,6
BRDA:15,3,0,7
BRDA:15,3,1,1
BRDA:21,4,0,0
BRDA:21,4,1,6
BRDA:23,5,0,1
BRDA:23,5,1,5
BRDA:29,6,0,1
BRDA:29,6,1,5
BRDA:35,7,0,3
BRDA:35,7,1,2
BRDA:40,8,0,1
BRDA:40,8,1,1
BRDA:40,9,0,2
BRDA:40,9,1,1
BRDA:46,10,0,1
BRDA:46,10,1,0
BRDA:59,11,0,0
BRDA:59,11,1,0
BRDA:61,12,0,0
BRDA:61,12,1,0
BRF:27
BRH:21
end_of_record
TN:
SF:controllers\requestController.js
FN:3,(anonymous_0)
FN:19,(anonymous_1)
FN:36,(anonymous_2)
FNF:3
FNH:2
FNDA:2,(anonymous_0)
FNDA:0,(anonymous_1)
FNDA:1,(anonymous_2)
DA:3,11
DA:4,2
DA:5,2
DA:6,2
DA:7,2
DA:13,2
DA:15,0
DA:19,11
DA:20,0
DA:21,0
DA:22,0
DA:23,0
DA:30,0
DA:32,0
DA:36,11
DA:37,1
DA:38,1
DA:39,1
DA:40,1
DA:41,1
DA:43,0
LF:21
LH:13
BRDA:38,0,0,1
BRDA:38,0,1,0
BRF:2
BRH:1
end_of_record
TN:
SF:controllers\roomController.js
FN:4,(anonymous_0)
FN:40,(anonymous_1)
FN:43,(anonymous_2)
FNF:3
FNH:3
FNDA:2,(anonymous_0)
FNDA:1,(anonymous_1)
FNDA:7,(anonymous_2)
DA:4,11
DA:5,2
DA:6,2
DA:8,2
DA:9,1
DA:12,1
DA:13,1
DA:19,1
DA:20,1
DA:25,0
DA:34,0
DA:36,0
DA:40,11
DA:41,1
DA:42,1
DA:43,7
DA:44,1
DA:46,0
LF:18
LH:14
BRDA:8,0,0,1
BRDA:8,0,1,1
BRDA:8,1,0,2
BRDA:8,1,1,2
BRDA:8,1,2,1
BRDA:8,1,3,1
BRDA:8,1,4,1
BRDA:19,2,0,1
BRDA:19,2,1,0
BRF:9
BRH:8
end_of_record
TN:
SF:controllers\signinController.js
FN:7,(anonymous_0)
FNF:1
FNH:1
FNDA:34,(anonymous_0)
DA:5,11
DA:7,11
DA:8,34
DA:9,34
DA:10,0
DA:14,34
DA:15,34
DA:16,34
DA:17,34
DA:18,33
DA:28,33
DA:34,33
DA:40,33
DA:47,33
DA:52,1
DA:53,0
DA:55,0
LF:17
LH:14
BRDA:9,0,0,0
BRDA:9,0,1,34
BRDA:9,1,0,34
BRDA:9,1,1,34
BRDA:16,2,0,34
BRDA:16,2,1,0
BRDA:17,3,0,33
BRDA:17,3,1,1
BRF:8
BRH:6
end_of_record
TN:
SF:controllers\statisticsController.js
FN:4,(anonymous_0)
FNF:1
FNH:1
FNDA:1,(anonymous_0)
DA:4,11
DA:5,1
DA:6,1
DA:7,1
LF:4
LH:4
BRF:0
BRH:0
end_of_record
TN:
SF:middleware\verifyJWT.js
FN:5,(anonymous_0)
FN:8,(anonymous_1)
FNF:2
FNH:2
FNDA:29,(anonymous_0)
FNDA:29,(anonymous_1)
DA:3,11
DA:5,11
DA:6,29
DA:8,29
DA:9,29
DA:10,29
DA:11,29
DA:12,29
LF:8
LH:8
BRDA:9,0,0,0
BRDA:9,0,1,29
BRF:2
BRH:1
end_of_record
TN:
SF:middleware\verifyRoles.js
FN:1,(anonymous_0)
FN:2,(anonymous_1)
FN:7,(anonymous_2)
FN:8,(anonymous_3)
FNF:4
FNH:4
FNDA:231,(anonymous_0)
FNDA:27,(anonymous_1)
FNDA:27,(anonymous_2)
FNDA:27,(anonymous_3)
DA:1,11
DA:2,231
DA:3,27
DA:4,27
DA:5,27
DA:6,27
DA:7,27
DA:8,27
DA:9,27
DA:10,26
LF:10
LH:10
BRDA:3,0,0,0
BRDA:3,0,1,27
BRDA:9,1,0,1
BRDA:9,1,1,26
BRF:4
BRH:3
end_of_record
TN:
SF:model\Order.js
FNF:0
FNH:0
DA:3,11
DA:5,11
DA:36,11
LF:3
LH:3
BRF:0
BRH:0
end_of_record
TN:
SF:model\Problem.js
FNF:0
FNH:0
DA:3,11
DA:5,11
DA:20,11
LF:3
LH:3
BRF:0
BRH:0
end_of_record
TN:
SF:model\Product.js
FNF:0
FNH:0
DA:2,11
DA:4,11
DA:50,11
LF:3
LH:3
BRF:0
BRH:0
end_of_record
TN:
SF:model\Request.js
FNF:0
FNH:0
DA:3,11
DA:5,11
DA:28,11
LF:3
LH:3
BRF:0
BRH:0
end_of_record
TN:
SF:model\Room.js
FNF:0
FNH:0
DA:3,11
DA:5,11
DA:31,11
LF:3
LH:3
BRF:0
BRH:0
end_of_record
TN:
SF:model\Users.js
FNF:0
FNH:0
DA:2,11
DA:4,11
DA:23,11
LF:3
LH:3
BRF:0
BRH:0
end_of_record
TN:
SF:routes\logout.js
FNF:0
FNH:0
DA:2,11
DA:5,11
LF:2
LH:2
BRF:0
BRH:0
end_of_record
TN:
SF:routes\order.js
FNF:0
FNH:0
DA:6,11
DA:8,11
DA:13,11
DA:18,11
LF:4
LH:4
BRF:0
BRH:0
end_of_record
TN:
SF:routes\problem.js
FNF:0
FNH:0
DA:6,11
DA:8,11
LF:2
LH:2
BRF:0
BRH:0
end_of_record
TN:
SF:routes\product.js
FNF:0
FNH:0
DA:2,11
DA:7,11
DA:8,11
DA:9,11
DA:14,11
DA:19,11
DA:24,11
DA:29,11
DA:34,11
DA:39,11
LF:10
LH:10
BRF:0
BRH:0
end_of_record
TN:
SF:routes\profile.js
FNF:0
FNH:0
DA:6,11
DA:8,11
DA:13,11
DA:18,11
LF:4
LH:4
BRF:0
BRH:0
end_of_record
TN:
SF:routes\refresh.js
FNF:0
FNH:0
DA:2,11
DA:5,11
LF:2
LH:2
BRF:0
BRH:0
end_of_record
TN:
SF:routes\register.js
FNF:0
FNH:0
DA:2,11
DA:7,11
LF:2
LH:2
BRF:0
BRH:0
end_of_record
TN:
SF:routes\request.js
FNF:0
FNH:0
DA:6,11
DA:7,11
DA:12,11
DA:18,11
LF:4
LH:4
BRF:0
BRH:0
end_of_record
TN:
SF:routes\room.js
FNF:0
FNH:0
DA:6,11
DA:8,11
DA:13,11
LF:3
LH:3
BRF:0
BRH:0
end_of_record
TN:
SF:routes\signin.js
FNF:0
FNH:0
DA:2,11
DA:5,11
LF:2
LH:2
BRF:0
BRH:0
end_of_record
TN:
SF:routes\statistics.js
FNF:0
FNH:0
DA:6,11
DA:8,11
LF:2
LH:2
BRF:0
BRH:0
end_of_record
